[50957] 16 Sep 14:14:26.044 # Warning: no config file specified, using the default config. In order to specify a config file use redis-server /path/to/redis.conf
[50957] 16 Sep 14:14:26.046 * Max number of open files set to 10032
                _._                                                  
           _.-``__ ''-._                                             
      _.-``    `.  `_.  ''-._           Redis 2.6.9 (00000000/0) 64 bit
  .-`` .-```.  ```\/    _.,_ ''-._                                   
 (    '      ,       .-`  | `,    )     Running in stand alone mode
 |`-._`-...-` __...-.``-._|'` _.-'|     Port: 6379
 |    `-._   `._    /     _.-'    |     PID: 50957
  `-._    `-._  `-./  _.-'    _.-'                                   
 |`-._`-._    `-.__.-'    _.-'_.-'|                                  
 |    `-._`-._        _.-'_.-'    |           http://redis.io        
  `-._    `-._`-.__.-'_.-'    _.-'                                   
 |`-._`-._    `-.__.-'    _.-'_.-'|                                  
 |    `-._`-._        _.-'_.-'    |                                  
  `-._    `-._`-.__.-'_.-'    _.-'                                   
      `-._    `-.__.-'    _.-'                                       
          `-._        _.-'                                           
              `-.__.-'                                               

[50957] 16 Sep 14:14:26.050 # Server started, Redis version 2.6.9
[50957] 16 Sep 14:14:26.050 * The server is now ready to accept connections on port 6379
[50957] 16 Sep 15:14:27.000 * 1 changes in 3600 seconds. Saving...
[50957] 16 Sep 15:14:27.004 * Background saving started by pid 51502
[51502] 16 Sep 15:14:27.005 * DB saved on disk
[50957] 16 Sep 15:14:27.015 * Background saving terminated with success
